<?xml version="1.0" encoding="UTF-8"?>
<!-- Generated by org.testng.reporters.JUnitXMLReporter -->
<testsuite hostname="Rajas-MacBook-Pro.local" name="Platform_Sign_Up" tests="6" failures="0" timestamp="28 Jul 2020 05:59:45 GMT" time="72.319" errors="0">
  <testcase name="test1_Platform_Sign_Up" time="7.765" classname="Test.Platform_Sign_Up"/>
  <testcase name="test1_Platform_Sign_Up" time="6.801" classname="Test.Platform_Sign_Up"/>
  <testcase name="test1_Platform_Sign_Up" time="7.276" classname="Test.Platform_Sign_Up"/>
  <testcase name="test1_Platform_Sign_Up" time="6.876" classname="Test.Platform_Sign_Up"/>
  <testcase name="test2_Registration_Form_LabelText" time="4.143" classname="Test.Platform_Sign_Up"/>
  <testcase name="test3_registration_Form_Error_Messages" time="7.743" classname="Test.Platform_Sign_Up"/>
</testsuite> <!-- Platform_Sign_Up -->
