<?xml version="1.0" encoding="UTF-8"?>
<testng-results skipped="0" failed="1" ignored="1" total="4" passed="2">
  <reporter-output>
    <line>
      <![CDATA[*****Browser Session Started*****]]>
    </line>
    <line>
      <![CDATA[*****Application Started*****]]>
    </line>
    <line>
      <![CDATA[*****Browser Session Ended*****]]>
    </line>
    <line>
      <![CDATA[*****Browser Session Started*****]]>
    </line>
    <line>
      <![CDATA[*****Application Started*****]]>
    </line>
    <line>
      <![CDATA[*****Browser Session Ended*****]]>
    </line>
    <line>
      <![CDATA[*****Browser Session Started*****]]>
    </line>
    <line>
      <![CDATA[*****Application Started*****]]>
    </line>
    <line>
      <![CDATA[*****Browser Session Ended*****]]>
    </line>
  </reporter-output>
  <suite name="PlatformTestSuite" duration-ms="73396" started-at="2020-07-26T22:09:03 IST" finished-at="2020-07-26T22:10:17 IST">
    <groups>
      <group name="Acceptance">
        <method signature="Platform_Sign_Up.test_Registration_Form_LabelText()[pri:0, instance:Test.Platform_Sign_Up@3b084709]" name="test_Registration_Form_LabelText" class="Test.Platform_Sign_Up"/>
      </group> <!-- Acceptance -->
      <group name="functional">
        <method signature="Platform_Sign_Up.test_Platform_Sign_Up(java.lang.String, java.lang.String, java.lang.String, java.lang.String, java.lang.String, java.lang.String, java.lang.String)[pri:0, instance:Test.Platform_Sign_Up@3b084709]" name="test_Platform_Sign_Up" class="Test.Platform_Sign_Up"/>
      </group> <!-- functional -->
    </groups>
    <test name="Platform_Sign_Up" duration-ms="73396" started-at="2020-07-26T22:09:03 IST" finished-at="2020-07-26T22:10:17 IST">
      <class name="Test.Platform_Sign_Up">
        <test-method status="PASS" signature="initiateBrowser()[pri:0, instance:Test.Platform_Sign_Up@3b084709]" name="initiateBrowser" is-config="true" duration-ms="6084" started-at="2020-07-26T22:09:05 IST" finished-at="2020-07-26T22:09:11 IST">
          <reporter-output>
            <line>
              <![CDATA[*****Browser Session Started*****]]>
            </line>
            <line>
              <![CDATA[*****Application Started*****]]>
            </line>
          </reporter-output>
        </test-method> <!-- initiateBrowser -->
        <test-method status="FAIL" signature="test_Platform_Sign_Up(java.lang.String, java.lang.String, java.lang.String, java.lang.String, java.lang.String, java.lang.String, java.lang.String)[pri:0, instance:Test.Platform_Sign_Up@3b084709]" name="test_Platform_Sign_Up" duration-ms="10114" started-at="2020-07-26T22:09:11 IST" description="testing Platform sign up with Excel Reader" data-provider="data-provider-Test-Platform-SignUp" finished-at="2020-07-26T22:09:21 IST">
          <params>
            <param index="0">
              <value>
                <![CDATA[AAAA1]]>
              </value>
            </param>
            <param index="1">
              <value>
                <![CDATA[BBBB1]]>
              </value>
            </param>
            <param index="2">
              <value>
                <![CDATA[AAAA1@yahoo.com]]>
              </value>
            </param>
            <param index="3">
              <value>
                <![CDATA[123@Plmn]]>
              </value>
            </param>
            <param index="4">
              <value>
                <![CDATA[123@Plmn]]>
              </value>
            </param>
            <param index="5">
              <value>
                <![CDATA[Yes]]>
              </value>
            </param>
            <param index="6">
              <value>
                <![CDATA[Yes]]>
              </value>
            </param>
          </params>
          <exception class="org.openqa.selenium.StaleElementReferenceException">
            <message>
              <![CDATA[stale element reference: element is not attached to the page document
  (Session info: chrome=84.0.4147.89)
For documentation on this error, please visit: https://www.seleniumhq.org/exceptions/stale_element_reference.html
Build info: version: '3.141.59', revision: 'e82be7d358', time: '2018-11-14T08:25:53'
System info: host: 'Rajas-MacBook-Pro.local', ip: '127.0.0.1', os.name: 'Mac OS X', os.arch: 'x86_64', os.version: '10.15.6', java.version: '1.8.0_131'
Driver info: org.openqa.selenium.remote.RemoteWebDriver
Capabilities {acceptInsecureCerts: false, browserName: chrome, browserVersion: 84.0.4147.89, chrome: {chromedriverVersion: 84.0.4147.30 (48b3e868b4cc0..., userDataDir: /tmp/.com.google.Chrome.gSrEkz}, goog:chromeOptions: {debuggerAddress: localhost:46259}, javascriptEnabled: true, networkConnectionEnabled: false, pageLoadStrategy: normal, platform: LINUX, platformName: LINUX, proxy: Proxy(), setWindowRect: true, strictFileInteractability: false, timeouts: {implicit: 0, pageLoad: 300000, script: 30000}, unhandledPromptBehavior: dismiss and notify, webauthn:virtualAuthenticators: true, webdriver.remote.sessionid: e9f4cab531456d1d6dd66340cd4...}
Session ID: e9f4cab531456d1d6dd66340cd4728d8]]>
            </message>
            <full-stacktrace>
              <![CDATA[org.openqa.selenium.StaleElementReferenceException: stale element reference: element is not attached to the page document
  (Session info: chrome=84.0.4147.89)
For documentation on this error, please visit: https://www.seleniumhq.org/exceptions/stale_element_reference.html
Build info: version: '3.141.59', revision: 'e82be7d358', time: '2018-11-14T08:25:53'
System info: host: 'Rajas-MacBook-Pro.local', ip: '127.0.0.1', os.name: 'Mac OS X', os.arch: 'x86_64', os.version: '10.15.6', java.version: '1.8.0_131'
Driver info: org.openqa.selenium.remote.RemoteWebDriver
Capabilities {acceptInsecureCerts: false, browserName: chrome, browserVersion: 84.0.4147.89, chrome: {chromedriverVersion: 84.0.4147.30 (48b3e868b4cc0..., userDataDir: /tmp/.com.google.Chrome.gSrEkz}, goog:chromeOptions: {debuggerAddress: localhost:46259}, javascriptEnabled: true, networkConnectionEnabled: false, pageLoadStrategy: normal, platform: LINUX, platformName: LINUX, proxy: Proxy(), setWindowRect: true, strictFileInteractability: false, timeouts: {implicit: 0, pageLoad: 300000, script: 30000}, unhandledPromptBehavior: dismiss and notify, webauthn:virtualAuthenticators: true, webdriver.remote.sessionid: e9f4cab531456d1d6dd66340cd4...}
Session ID: e9f4cab531456d1d6dd66340cd4728d8
at sun.reflect.NativeConstructorAccessorImpl.newInstance0(Native Method)
at sun.reflect.NativeConstructorAccessorImpl.newInstance(NativeConstructorAccessorImpl.java:62)
at sun.reflect.DelegatingConstructorAccessorImpl.newInstance(DelegatingConstructorAccessorImpl.java:45)
at java.lang.reflect.Constructor.newInstance(Constructor.java:423)
at org.openqa.selenium.remote.http.W3CHttpResponseCodec.createException(W3CHttpResponseCodec.java:187)
at org.openqa.selenium.remote.http.W3CHttpResponseCodec.decode(W3CHttpResponseCodec.java:122)
at org.openqa.selenium.remote.http.W3CHttpResponseCodec.decode(W3CHttpResponseCodec.java:49)
at org.openqa.selenium.remote.HttpCommandExecutor.execute(HttpCommandExecutor.java:158)
at org.openqa.selenium.remote.RemoteWebDriver.execute(RemoteWebDriver.java:552)
at org.openqa.selenium.remote.RemoteWebElement.execute(RemoteWebElement.java:285)
at org.openqa.selenium.remote.RemoteWebElement.isDisplayed(RemoteWebElement.java:326)
at sun.reflect.NativeMethodAccessorImpl.invoke0(Native Method)
at sun.reflect.NativeMethodAccessorImpl.invoke(NativeMethodAccessorImpl.java:62)
at sun.reflect.DelegatingMethodAccessorImpl.invoke(DelegatingMethodAccessorImpl.java:43)
at java.lang.reflect.Method.invoke(Method.java:498)
at org.openqa.selenium.support.pagefactory.internal.LocatingElementHandler.invoke(LocatingElementHandler.java:51)
at com.sun.proxy.$Proxy11.isDisplayed(Unknown Source)
at org.openqa.selenium.support.ui.ExpectedConditions.elementIfVisible(ExpectedConditions.java:314)
at org.openqa.selenium.support.ui.ExpectedConditions.access$000(ExpectedConditions.java:43)
at org.openqa.selenium.support.ui.ExpectedConditions$10.apply(ExpectedConditions.java:300)
at org.openqa.selenium.support.ui.ExpectedConditions$10.apply(ExpectedConditions.java:297)
at org.openqa.selenium.support.ui.FluentWait.until(FluentWait.java:249)
at PageObjects.ConfirmationPage.verifySuccessMessage(ConfirmationPage.java:57)
at Test.Platform_Sign_Up.test_Platform_Sign_Up(Platform_Sign_Up.java:59)
at sun.reflect.NativeMethodAccessorImpl.invoke0(Native Method)
at sun.reflect.NativeMethodAccessorImpl.invoke(NativeMethodAccessorImpl.java:62)
at sun.reflect.DelegatingMethodAccessorImpl.invoke(DelegatingMethodAccessorImpl.java:43)
at java.lang.reflect.Method.invoke(Method.java:498)
at org.testng.internal.MethodInvocationHelper.invokeMethod(MethodInvocationHelper.java:135)
at org.testng.internal.TestInvoker.invokeMethod(TestInvoker.java:598)
at org.testng.internal.TestInvoker.invokeTestMethod(TestInvoker.java:174)
at org.testng.internal.MethodRunner.runInSequence(MethodRunner.java:46)
at org.testng.internal.TestInvoker$MethodInvocationAgent.invoke(TestInvoker.java:821)
at org.testng.internal.TestInvoker.invokeTestMethods(TestInvoker.java:147)
at org.testng.internal.TestMethodWorker.invokeTestMethods(TestMethodWorker.java:146)
at org.testng.internal.TestMethodWorker.run(TestMethodWorker.java:128)
at java.util.ArrayList.forEach(ArrayList.java:1249)
at org.testng.TestRunner.privateRun(TestRunner.java:767)
at org.testng.TestRunner.run(TestRunner.java:588)
at org.testng.SuiteRunner.runTest(SuiteRunner.java:384)
at org.testng.SuiteRunner.runSequentially(SuiteRunner.java:378)
at org.testng.SuiteRunner.privateRun(SuiteRunner.java:337)
at org.testng.SuiteRunner.run(SuiteRunner.java:286)
at org.testng.SuiteRunnerWorker.runSuite(SuiteRunnerWorker.java:53)
at org.testng.SuiteRunnerWorker.run(SuiteRunnerWorker.java:96)
at org.testng.TestNG.runSuitesSequentially(TestNG.java:1214)
at org.testng.TestNG.runSuitesLocally(TestNG.java:1136)
at org.testng.TestNG.runSuites(TestNG.java:1066)
at org.testng.TestNG.run(TestNG.java:1034)
at org.testng.remote.AbstractRemoteTestNG.run(AbstractRemoteTestNG.java:115)
at org.testng.remote.RemoteTestNG.initAndRun(RemoteTestNG.java:251)
at org.testng.remote.RemoteTestNG.main(RemoteTestNG.java:77)
]]>
            </full-stacktrace>
          </exception> <!-- org.openqa.selenium.StaleElementReferenceException -->
          <reporter-output>
          </reporter-output>
        </test-method> <!-- test_Platform_Sign_Up -->
        <test-method status="PASS" signature="captureScreen(org.testng.ITestResult)[pri:0, instance:Test.Platform_Sign_Up@3b084709]" name="captureScreen" is-config="true" duration-ms="2519" started-at="2020-07-26T22:09:21 IST" finished-at="2020-07-26T22:09:23 IST">
          <params>
            <param index="0">
              <value>
                <![CDATA[[TestResult name=test_Platform_Sign_Up status=FAILURE method=Platform_Sign_Up.test_Platform_Sign_Up(java.lang.String, java.lang.String, java.lang.String, java.lang.String, java.lang.String, java.lang.String, java.lang.String)[pri:0, instance:Test.Platform_Sign_Up@3b084709] output={null}]]]>
              </value>
            </param>
          </params>
          <reporter-output>
          </reporter-output>
        </test-method> <!-- captureScreen -->
        <test-method status="PASS" signature="manageCookie()[pri:0, instance:Test.Platform_Sign_Up@3b084709]" name="manageCookie" is-config="true" duration-ms="39" started-at="2020-07-26T22:09:23 IST" finished-at="2020-07-26T22:09:23 IST">
          <reporter-output>
          </reporter-output>
        </test-method> <!-- manageCookie -->
        <test-method status="PASS" signature="quitBrowser()[pri:0, instance:Test.Platform_Sign_Up@3b084709]" name="quitBrowser" is-config="true" duration-ms="115" started-at="2020-07-26T22:09:23 IST" finished-at="2020-07-26T22:09:23 IST">
          <reporter-output>
            <line>
              <![CDATA[*****Browser Session Ended*****]]>
            </line>
          </reporter-output>
        </test-method> <!-- quitBrowser -->
        <test-method status="PASS" signature="initiateBrowser()[pri:0, instance:Test.Platform_Sign_Up@3b084709]" name="initiateBrowser" is-config="true" duration-ms="8964" started-at="2020-07-26T22:09:23 IST" finished-at="2020-07-26T22:09:32 IST">
          <reporter-output>
            <line>
              <![CDATA[*****Browser Session Started*****]]>
            </line>
            <line>
              <![CDATA[*****Application Started*****]]>
            </line>
          </reporter-output>
        </test-method> <!-- initiateBrowser -->
        <test-method status="PASS" signature="test_Platform_Sign_Up(java.lang.String, java.lang.String, java.lang.String, java.lang.String, java.lang.String, java.lang.String, java.lang.String)[pri:0, instance:Test.Platform_Sign_Up@3b084709]" name="test_Platform_Sign_Up" duration-ms="17843" started-at="2020-07-26T22:09:32 IST" description="testing Platform sign up with Excel Reader" data-provider="data-provider-Test-Platform-SignUp" finished-at="2020-07-26T22:09:50 IST">
          <params>
            <param index="0">
              <value>
                <![CDATA[AAAA2]]>
              </value>
            </param>
            <param index="1">
              <value>
                <![CDATA[BBBB2]]>
              </value>
            </param>
            <param index="2">
              <value>
                <![CDATA[AAAA2@gmail.com]]>
              </value>
            </param>
            <param index="3">
              <value>
                <![CDATA[123@Plmn]]>
              </value>
            </param>
            <param index="4">
              <value>
                <![CDATA[123@Plmn]]>
              </value>
            </param>
            <param index="5">
              <value>
                <![CDATA[No]]>
              </value>
            </param>
            <param index="6">
              <value>
                <![CDATA[No]]>
              </value>
            </param>
          </params>
          <reporter-output>
          </reporter-output>
        </test-method> <!-- test_Platform_Sign_Up -->
        <test-method status="PASS" signature="captureScreen(org.testng.ITestResult)[pri:0, instance:Test.Platform_Sign_Up@3b084709]" name="captureScreen" is-config="true" duration-ms="1" started-at="2020-07-26T22:09:50 IST" finished-at="2020-07-26T22:09:50 IST">
          <params>
            <param index="0">
              <value>
                <![CDATA[[TestResult name=test_Platform_Sign_Up status=SUCCESS method=Platform_Sign_Up.test_Platform_Sign_Up(java.lang.String, java.lang.String, java.lang.String, java.lang.String, java.lang.String, java.lang.String, java.lang.String)[pri:0, instance:Test.Platform_Sign_Up@3b084709] output={null}]]]>
              </value>
            </param>
          </params>
          <reporter-output>
          </reporter-output>
        </test-method> <!-- captureScreen -->
        <test-method status="PASS" signature="manageCookie()[pri:0, instance:Test.Platform_Sign_Up@3b084709]" name="manageCookie" is-config="true" duration-ms="46" started-at="2020-07-26T22:09:50 IST" finished-at="2020-07-26T22:09:50 IST">
          <reporter-output>
          </reporter-output>
        </test-method> <!-- manageCookie -->
        <test-method status="PASS" signature="quitBrowser()[pri:0, instance:Test.Platform_Sign_Up@3b084709]" name="quitBrowser" is-config="true" duration-ms="125" started-at="2020-07-26T22:09:50 IST" finished-at="2020-07-26T22:09:50 IST">
          <reporter-output>
            <line>
              <![CDATA[*****Browser Session Ended*****]]>
            </line>
          </reporter-output>
        </test-method> <!-- quitBrowser -->
        <test-method status="PASS" signature="initiateBrowser()[pri:0, instance:Test.Platform_Sign_Up@3b084709]" name="initiateBrowser" is-config="true" duration-ms="19139" started-at="2020-07-26T22:09:50 IST" finished-at="2020-07-26T22:10:10 IST">
          <reporter-output>
            <line>
              <![CDATA[*****Browser Session Started*****]]>
            </line>
            <line>
              <![CDATA[*****Application Started*****]]>
            </line>
          </reporter-output>
        </test-method> <!-- initiateBrowser -->
        <test-method status="PASS" signature="test_Registration_Form_LabelText()[pri:0, instance:Test.Platform_Sign_Up@3b084709]" name="test_Registration_Form_LabelText" duration-ms="7094" started-at="2020-07-26T22:10:10 IST" description="testing the Registration form label names/elements presents" finished-at="2020-07-26T22:10:17 IST">
          <reporter-output>
          </reporter-output>
        </test-method> <!-- test_Registration_Form_LabelText -->
        <test-method status="PASS" signature="captureScreen(org.testng.ITestResult)[pri:0, instance:Test.Platform_Sign_Up@3b084709]" name="captureScreen" is-config="true" duration-ms="0" started-at="2020-07-26T22:10:17 IST" finished-at="2020-07-26T22:10:17 IST">
          <params>
            <param index="0">
              <value>
                <![CDATA[[TestResult name=test_Registration_Form_LabelText status=SUCCESS method=Platform_Sign_Up.test_Registration_Form_LabelText()[pri:0, instance:Test.Platform_Sign_Up@3b084709] output={null}]]]>
              </value>
            </param>
          </params>
          <reporter-output>
          </reporter-output>
        </test-method> <!-- captureScreen -->
        <test-method status="PASS" signature="manageCookie()[pri:0, instance:Test.Platform_Sign_Up@3b084709]" name="manageCookie" is-config="true" duration-ms="43" started-at="2020-07-26T22:10:17 IST" finished-at="2020-07-26T22:10:17 IST">
          <reporter-output>
          </reporter-output>
        </test-method> <!-- manageCookie -->
        <test-method status="PASS" signature="quitBrowser()[pri:0, instance:Test.Platform_Sign_Up@3b084709]" name="quitBrowser" is-config="true" duration-ms="117" started-at="2020-07-26T22:10:17 IST" finished-at="2020-07-26T22:10:17 IST">
          <reporter-output>
            <line>
              <![CDATA[*****Browser Session Ended*****]]>
            </line>
          </reporter-output>
        </test-method> <!-- quitBrowser -->
      </class> <!-- Test.Platform_Sign_Up -->
    </test> <!-- Platform_Sign_Up -->
  </suite> <!-- PlatformTestSuite -->
</testng-results>
