<?xml version="1.0" encoding="UTF-8"?>
<!-- Generated by org.testng.reporters.JUnitXMLReporter -->
<testsuite hostname="Rajas-MacBook-Pro.local" ignored="3" name="Test" tests="1" failures="0" timestamp="2020-07-25T15:21:26 IST" time="12.449" errors="0">
  <testcase name="test_Registartion_Error_Messages" time="4.306" classname="Test.Platform_Sign_Up"/>
  <testcase name="test_Registration_LabelText_Matching" time="0.0" classname="Test.Platform_Sign_Up">
    <ignored/>
  </testcase> <!-- test_Registration_LabelText_Matching -->
  <testcase name="test_Platform_Sign_Up_With_Excel_Reader" time="0.0" classname="Test.Platform_Sign_Up">
    <ignored/>
  </testcase> <!-- test_Platform_Sign_Up_With_Excel_Reader -->
  <testcase name="test_Platform_Sign_Up" time="0.0" classname="Test.Platform_Sign_Up">
    <ignored/>
  </testcase> <!-- test_Platform_Sign_Up -->
</testsuite> <!-- Test -->
